<?xml version="1.0" encoding="UTF-8"?>
<!-- Generated by org.testng.reporters.JUnitReportReporter -->
<testsuite hostname="santhi" name="com.NewTest1" tests="3" failures="0" timestamp="6 May 2016 23:30:27 GMT" time="0.002" errors="0">
  <testcase name="addCurrency" time="0.001" classname="com.NewTest1"/>
  <testcase name="addVendor" time="0.000" classname="com.NewTest1"/>
  <testcase name="addProduct" time="0.001" classname="com.NewTest1"/>
</testsuite> <!-- com.NewTest1 -->
