<?xml version="1.0" encoding="UTF-8"?>
<!-- Generated by org.testng.reporters.JUnitReportReporter -->
<testsuite hostname="santhi" name="com.NewTest6" tests="3" failures="0" timestamp="5 Apr 2016 21:24:47 GMT" time="0.010" errors="0">
  <testcase name="testCase8" time="0.000" classname="com.NewTest6"/>
  <testcase name="testCase7" time="0.001" classname="com.NewTest6"/>
  <testcase name="testCase6" time="0.009" classname="com.NewTest6"/>
</testsuite> <!-- com.NewTest6 -->
