<?xml version="1.0" encoding="UTF-8"?>
<!-- Generated by org.testng.reporters.JUnitReportReporter -->
<testsuite hostname="santhi" name="selinium.Indeed" tests="2" failures="0" timestamp="23 Mar 2016 19:59:39 GMT" time="15.521" errors="0">
  <testcase name="verifyTitle1" time="7.984" classname="selinium.Indeed"/>
  <testcase name="verifyTitle" time="7.537" classname="selinium.Indeed"/>
</testsuite> <!-- selinium.Indeed -->
