<?xml version="1.0" encoding="UTF-8"?>
<!-- Generated by org.testng.reporters.JUnitReportReporter -->
<testsuite hostname="santhi" name="com.testng.Priortised" tests="3" failures="0" timestamp="5 Apr 2016 22:47:42 GMT" time="0.011" errors="0">
  <testcase name="testB" time="0.001" classname="com.testng.Priortised"/>
  <testcase name="testC" time="0.000" classname="com.testng.Priortised"/>
  <testcase name="testA" time="0.010" classname="com.testng.Priortised"/>
</testsuite> <!-- com.testng.Priortised -->
