<?xml version="1.0" encoding="UTF-8"?>
<!-- Generated by org.testng.reporters.JUnitReportReporter -->
<testsuite hostname="santhi" name="com.testng.TestCase" tests="2" failures="0" timestamp="5 Apr 2016 21:26:30 GMT" time="7.530" errors="0">
  <testcase name="verifyPageTitle1" time="5.505" classname="com.testng.TestCase"/>
  <testcase name="verifyPageTitle" time="2.025" classname="com.testng.TestCase"/>
</testsuite> <!-- com.testng.TestCase -->
