<?xml version="1.0" encoding="UTF-8"?>
<!-- Generated by org.testng.reporters.JUnitReportReporter -->
<testsuite hostname="santhi" name="com.NewTest2" tests="3" failures="0" timestamp="6 May 2016 21:25:36 GMT" time="0.000" errors="0">
  <testcase name="deleteProduct" time="0.000" classname="com.NewTest2"/>
  <testcase name="deleteVendor" time="0.000" classname="com.NewTest2"/>
  <testcase name="deleteCurrency" time="0.000" classname="com.NewTest2"/>
</testsuite> <!-- com.NewTest2 -->
