<?xml version="1.0" encoding="UTF-8"?>
<!-- Generated by org.testng.reporters.JUnitReportReporter -->
<testsuite hostname="santhi" name="com.NewTest3" tests="4" failures="0" timestamp="25 Mar 2016 00:51:54 GMT" time="0.010" errors="0">
  <testcase name="fundTransfer" time="0.000" classname="com.NewTest3"/>
  <testcase name="search" time="0.001" classname="com.NewTest3"/>
  <testcase name="logOut" time="0.008" classname="com.NewTest3"/>
  <testcase name="login" time="0.001" classname="com.NewTest3"/>
</testsuite> <!-- com.NewTest3 -->
