<?xml version="1.0" encoding="UTF-8"?>
<!-- Generated by org.testng.reporters.JUnitReportReporter -->
<testsuite hostname="santhi" name="com.NewTest4" tests="3" failures="0" timestamp="5 Apr 2016 21:24:47 GMT" time="0.010" errors="0">
  <testcase name="testCase3" time="0.000" classname="com.NewTest4"/>
  <testcase name="testCase1" time="0.009" classname="com.NewTest4"/>
  <testcase name="testCase2" time="0.001" classname="com.NewTest4"/>
</testsuite> <!-- com.NewTest4 -->
